<?xml version="1.0" encoding="UTF-8"?>
<testng-results skipped="0" failed="0" total="1" passed="1">
  <reporter-output>
  </reporter-output>
  <suite name="Default suite" duration-ms="18378" started-at="2019-05-15T11:40:02Z" finished-at="2019-05-15T11:40:21Z">
    <groups>
    </groups>
    <test name="Default test" duration-ms="18378" started-at="2019-05-15T11:40:02Z" finished-at="2019-05-15T11:40:21Z">
      <class name="testscript.Login">
        <test-method status="PASS" signature="browserLaunch()[pri:0, instance:testscript.Login@69ea3742]" name="browserLaunch" is-config="true" duration-ms="4394" started-at="2019-05-15T17:10:02Z" finished-at="2019-05-15T17:10:07Z">
          <reporter-output>
          </reporter-output>
        </test-method> <!-- browserLaunch -->
        <test-method status="PASS" signature="login()[pri:0, instance:testscript.Login@69ea3742]" name="login" duration-ms="13929" started-at="2019-05-15T17:10:07Z" finished-at="2019-05-15T17:10:21Z">
          <reporter-output>
          </reporter-output>
        </test-method> <!-- login -->
      </class> <!-- testscript.Login -->
    </test> <!-- Default test -->
  </suite> <!-- Default suite -->
</testng-results>
